<?xml version="1.0" encoding="UTF-8"?>
<!-- Generated by org.testng.reporters.JUnitXMLReporter -->
<testsuite ignored="0" hostname="DESKTOP-LMMOT49" failures="0" tests="5" name="Surefire test" time="13.873" errors="0" timestamp="2023-04-03T21:37:26 MSK">
  <testcase classname="tests.FifthTestCase" name="openAccount" time="0.267"/>
  <testcase classname="tests.FirstTestCase" name="addNewCustomer" time="0.61"/>
  <testcase classname="tests.FourthTestCase" name="customerSearch" time="0.449"/>
  <testcase classname="tests.SecondTestCase" name="sort" time="0.46"/>
  <testcase classname="tests.ThirdTestCase" name="CustomerSearch" time="1.318"/>
</testsuite> <!-- Surefire test -->
