<?xml version="1.0" encoding="UTF-8"?>
<testng-results ignored="0" total="5" passed="5" failed="0" skipped="0">
  <reporter-output>
  </reporter-output>
  <suite started-at="2023-04-03T21:37:12 MSK" name="Surefire suite" finished-at="2023-04-03T21:37:26 MSK" duration-ms="13873">
    <groups>
    </groups>
    <test started-at="2023-04-03T21:37:12 MSK" name="Surefire test" finished-at="2023-04-03T21:37:26 MSK" duration-ms="13873">
      <class name="tests.FirstTestCase">
        <test-method is-config="true" signature="befTest()[pri:0, instance:tests.FirstTestCase@6136998b]" started-at="2023-04-03T21:37:16 MSK" name="befTest" finished-at="2023-04-03T21:37:18 MSK" duration-ms="1476" status="PASS">
          <reporter-output>
          </reporter-output>
        </test-method> <!-- befTest -->
        <test-method signature="addNewCustomer()[pri:0, instance:tests.FirstTestCase@6136998b]" started-at="2023-04-03T21:37:23 MSK" name="addNewCustomer" finished-at="2023-04-03T21:37:24 MSK" duration-ms="610" status="PASS">
          <reporter-output>
          </reporter-output>
        </test-method> <!-- addNewCustomer -->
        <test-method is-config="true" signature="closeDriver()[pri:0, instance:tests.FirstTestCase@6136998b]" started-at="2023-04-03T21:37:26 MSK" name="closeDriver" finished-at="2023-04-03T21:37:26 MSK" duration-ms="78" status="PASS">
          <reporter-output>
          </reporter-output>
        </test-method> <!-- closeDriver -->
      </class> <!-- tests.FirstTestCase -->
      <class name="tests.FourthTestCase">
        <test-method is-config="true" signature="befTest()[pri:0, instance:tests.FourthTestCase@24e08d59]" started-at="2023-04-03T21:37:18 MSK" name="befTest" finished-at="2023-04-03T21:37:19 MSK" duration-ms="1682" status="PASS">
          <reporter-output>
          </reporter-output>
        </test-method> <!-- befTest -->
        <test-method signature="customerSearch()[pri:0, instance:tests.FourthTestCase@24e08d59]" started-at="2023-04-03T21:37:24 MSK" name="customerSearch" finished-at="2023-04-03T21:37:24 MSK" duration-ms="449" status="PASS">
          <reporter-output>
          </reporter-output>
        </test-method> <!-- customerSearch -->
        <test-method is-config="true" signature="closeDriver()[pri:0, instance:tests.FourthTestCase@24e08d59]" started-at="2023-04-03T21:37:26 MSK" name="closeDriver" finished-at="2023-04-03T21:37:26 MSK" duration-ms="78" status="PASS">
          <reporter-output>
          </reporter-output>
        </test-method> <!-- closeDriver -->
      </class> <!-- tests.FourthTestCase -->
      <class name="tests.SecondTestCase">
        <test-method is-config="true" signature="befTest()[pri:0, instance:tests.SecondTestCase@26f7cdf8]" started-at="2023-04-03T21:37:19 MSK" name="befTest" finished-at="2023-04-03T21:37:21 MSK" duration-ms="1608" status="PASS">
          <reporter-output>
          </reporter-output>
        </test-method> <!-- befTest -->
        <test-method signature="sort()[pri:0, instance:tests.SecondTestCase@26f7cdf8]" started-at="2023-04-03T21:37:24 MSK" name="sort" finished-at="2023-04-03T21:37:25 MSK" duration-ms="460" status="PASS">
          <reporter-output>
          </reporter-output>
        </test-method> <!-- sort -->
        <test-method is-config="true" signature="closeDriver()[pri:0, instance:tests.SecondTestCase@26f7cdf8]" started-at="2023-04-03T21:37:26 MSK" name="closeDriver" finished-at="2023-04-03T21:37:26 MSK" duration-ms="78" status="PASS">
          <reporter-output>
          </reporter-output>
        </test-method> <!-- closeDriver -->
      </class> <!-- tests.SecondTestCase -->
      <class name="tests.FifthTestCase">
        <test-method is-config="true" signature="befTest()[pri:0, instance:tests.FifthTestCase@29f0c4f2]" started-at="2023-04-03T21:37:12 MSK" name="befTest" finished-at="2023-04-03T21:37:16 MSK" duration-ms="3883" status="PASS">
          <reporter-output>
          </reporter-output>
        </test-method> <!-- befTest -->
        <test-method signature="openAccount()[pri:0, instance:tests.FifthTestCase@29f0c4f2]" started-at="2023-04-03T21:37:23 MSK" name="openAccount" finished-at="2023-04-03T21:37:23 MSK" duration-ms="267" status="PASS">
          <reporter-output>
          </reporter-output>
        </test-method> <!-- openAccount -->
        <test-method is-config="true" signature="closeDriver()[pri:0, instance:tests.FifthTestCase@29f0c4f2]" started-at="2023-04-03T21:37:26 MSK" name="closeDriver" finished-at="2023-04-03T21:37:26 MSK" duration-ms="92" status="PASS">
          <reporter-output>
          </reporter-output>
        </test-method> <!-- closeDriver -->
      </class> <!-- tests.FifthTestCase -->
      <class name="tests.ThirdTestCase">
        <test-method is-config="true" signature="bef_test()[pri:0, instance:tests.ThirdTestCase@573284a5]" started-at="2023-04-03T21:37:21 MSK" name="bef_test" finished-at="2023-04-03T21:37:23 MSK" duration-ms="1638" status="PASS">
          <reporter-output>
          </reporter-output>
        </test-method> <!-- bef_test -->
        <test-method signature="CustomerSearch()[pri:0, instance:tests.ThirdTestCase@573284a5]" started-at="2023-04-03T21:37:25 MSK" name="CustomerSearch" finished-at="2023-04-03T21:37:26 MSK" duration-ms="1318" status="PASS">
          <reporter-output>
          </reporter-output>
        </test-method> <!-- CustomerSearch -->
        <test-method is-config="true" signature="Close_driver()[pri:0, instance:tests.ThirdTestCase@573284a5]" started-at="2023-04-03T21:37:26 MSK" name="Close_driver" finished-at="2023-04-03T21:37:26 MSK" duration-ms="92" status="PASS">
          <reporter-output>
          </reporter-output>
        </test-method> <!-- Close_driver -->
      </class> <!-- tests.ThirdTestCase -->
    </test> <!-- Surefire test -->
  </suite> <!-- Surefire suite -->
</testng-results>
